<?xml version="1.0" encoding="UTF-8"?>
<!-- Generated by org.testng.reporters.JUnitXMLReporter -->
<testsuite ignored="0" hostname="Rosans-MacBook-Pro.local" failures="0" tests="4" name="Default test" time="25.805" errors="0" timestamp="2022-07-01T13:57:36 NPT">
  <testcase classname="tests.TS_002_Admin" name="TC_001_shouldLogin" time="5.693"/>
  <testcase classname="tests.TS_002_Admin" name="TC_002_navigateToAdmin" time="5.967"/>
  <testcase classname="tests.TS_002_Admin" name="TC_003_adminTestModule" time="3.873"/>
  <testcase classname="tests.TS_002_Admin" name="TC_003_logOut" time="2.448"/>
</testsuite> <!-- Default test -->
