<?xml version="1.0" encoding="UTF-8"?>
<!-- Generated by org.testng.reporters.JUnitXMLReporter -->
<testsuite ignored="0" hostname="Rosans-MacBook-Pro.local" failures="0" tests="3" name="Default test" time="29.186" errors="0" timestamp="2022-07-01T14:36:26 NPT">
  <testcase classname="tests.TS_001_Directory" name="TC_001_shouldLogin" time="9.101"/>
  <testcase classname="tests.TS_001_Directory" name="TC_002_navigateToDirectory" time="8.939"/>
  <testcase classname="tests.TS_001_Directory" name="TC_003_logOut" time="2.437"/>
</testsuite> <!-- Default test -->
