<?xml version="1.0" encoding="UTF-8"?>
<testng-results ignored="0" total="4" passed="4" failed="0" skipped="0">
  <reporter-output>
  </reporter-output>
  <suite started-at="2022-07-01T13:57:10 NPT" name="Default suite" finished-at="2022-07-01T13:57:36 NPT" duration-ms="25805">
    <groups>
    </groups>
    <test started-at="2022-07-01T13:57:10 NPT" name="Default test" finished-at="2022-07-01T13:57:36 NPT" duration-ms="25805">
      <class name="tests.TS_002_Admin">
        <test-method is-config="true" signature="setUpTest()[pri:0, instance:tests.TS_002_Admin@550dbc7a]" started-at="2022-07-01T13:57:10 NPT" name="setUpTest" finished-at="2022-07-01T13:57:18 NPT" duration-ms="7574" status="PASS">
          <reporter-output>
          </reporter-output>
        </test-method> <!-- setUpTest -->
        <test-method signature="TC_001_shouldLogin()[pri:0, instance:tests.TS_002_Admin@550dbc7a]" started-at="2022-07-01T13:57:18 NPT" name="TC_001_shouldLogin" finished-at="2022-07-01T13:57:24 NPT" duration-ms="5693" status="PASS">
          <reporter-output>
          </reporter-output>
        </test-method> <!-- TC_001_shouldLogin -->
        <test-method signature="TC_002_navigateToAdmin()[pri:0, instance:tests.TS_002_Admin@550dbc7a]" started-at="2022-07-01T13:57:24 NPT" name="TC_002_navigateToAdmin" finished-at="2022-07-01T13:57:30 NPT" duration-ms="5967" status="PASS">
          <reporter-output>
          </reporter-output>
        </test-method> <!-- TC_002_navigateToAdmin -->
        <test-method signature="TC_003_adminTestModule()[pri:0, instance:tests.TS_002_Admin@550dbc7a]" started-at="2022-07-01T13:57:30 NPT" name="TC_003_adminTestModule" finished-at="2022-07-01T13:57:34 NPT" duration-ms="3873" status="PASS">
          <reporter-output>
          </reporter-output>
        </test-method> <!-- TC_003_adminTestModule -->
        <test-method signature="TC_003_logOut()[pri:0, instance:tests.TS_002_Admin@550dbc7a]" started-at="2022-07-01T13:57:34 NPT" name="TC_003_logOut" finished-at="2022-07-01T13:57:36 NPT" duration-ms="2448" status="PASS">
          <reporter-output>
          </reporter-output>
        </test-method> <!-- TC_003_logOut -->
        <test-method is-config="true" signature="tearDownTest()[pri:0, instance:tests.TS_002_Admin@550dbc7a]" started-at="2022-07-01T13:57:36 NPT" name="tearDownTest" finished-at="2022-07-01T13:57:36 NPT" duration-ms="178" status="PASS">
          <reporter-output>
          </reporter-output>
        </test-method> <!-- tearDownTest -->
      </class> <!-- tests.TS_002_Admin -->
    </test> <!-- Default test -->
  </suite> <!-- Default suite -->
</testng-results>
