<?xml version="1.0" encoding="UTF-8"?>
<!-- Generated by org.testng.reporters.JUnitXMLReporter -->
<testsuite ignored="0" hostname="Rosans-MacBook-Pro.local" failures="0" tests="7" name="Test_One" time="31.675" errors="0" timestamp="2022-07-03T10:58:12 NPT">
  <testcase classname="tests.TS_001_Directory" name="TC_001_shouldLogin" time="7.347"/>
  <testcase classname="tests.TS_002_Admin" name="TC_001_shouldLogin" time="7.747"/>
  <testcase classname="tests.TS_002_Admin" name="TC_002_navigateToAdmin" time="3.945"/>
  <testcase classname="tests.TS_001_Directory" name="TC_002_navigateToDirectory" time="7.599"/>
  <testcase classname="tests.TS_002_Admin" name="TC_003_adminTestModule" time="3.761"/>
  <testcase classname="tests.TS_001_Directory" name="TC_003_logOut" time="2.435"/>
  <testcase classname="tests.TS_002_Admin" name="TC_003_logOut" time="2.608"/>
</testsuite> <!-- Test_One -->
